<?xml version="1.0" encoding="UTF-8"?>
<testng-results ignored="0" total="1" passed="1" failed="0" skipped="0">
  <reporter-output>
  </reporter-output>
  <suite started-at="2022-07-05T16:39:40 IST" name="Default suite" finished-at="2022-07-05T16:40:02 IST" duration-ms="22316">
    <groups>
    </groups>
    <test started-at="2022-07-05T16:39:40 IST" name="Default test" finished-at="2022-07-05T16:40:02 IST" duration-ms="22316">
      <class name="test.TestExample">
        <test-method is-config="true" signature="setUp()[pri:0, instance:test.TestExample@3a7442c7]" started-at="2022-07-05T16:39:40 IST" name="setUp" finished-at="2022-07-05T16:39:54 IST" duration-ms="14429" status="PASS">
          <reporter-output>
          </reporter-output>
        </test-method> <!-- setUp -->
        <test-method signature="drawFace()[pri:0, instance:test.TestExample@3a7442c7]" started-at="2022-07-05T16:39:54 IST" name="drawFace" finished-at="2022-07-05T16:40:01 IST" duration-ms="7306" status="PASS">
          <reporter-output>
          </reporter-output>
        </test-method> <!-- drawFace -->
        <test-method is-config="true" signature="tearDown()[pri:0, instance:test.TestExample@3a7442c7]" started-at="2022-07-05T16:40:01 IST" name="tearDown" finished-at="2022-07-05T16:40:02 IST" duration-ms="524" status="PASS">
          <reporter-output>
          </reporter-output>
        </test-method> <!-- tearDown -->
      </class> <!-- test.TestExample -->
    </test> <!-- Default test -->
  </suite> <!-- Default suite -->
</testng-results>
